<?xml version="1.0" encoding="UTF-8"?>
<testng-results ignored="0" total="1" passed="0" failed="1" skipped="0">
  <reporter-output>
  </reporter-output>
  <suite started-at="2021-05-05T12:46:03Z" name="Default suite" finished-at="2021-05-05T12:46:20Z" duration-ms="17008">
    <groups>
    </groups>
    <test started-at="2021-05-05T12:46:03Z" name="Default test" finished-at="2021-05-05T12:46:20Z" duration-ms="17008">
      <class name="com.jetblue.Page1">
        <test-method is-config="true" signature="file()[pri:0, instance:com.jetblue.Page1@2474f125]" started-at="2021-05-05T12:46:03Z" name="file" finished-at="2021-05-05T12:46:03Z" duration-ms="10" status="PASS">
          <reporter-output>
          </reporter-output>
        </test-method> <!-- file -->
        <test-method is-config="true" signature="testClass()[pri:0, instance:com.jetblue.Page1@2474f125]" started-at="2021-05-05T12:46:03Z" name="testClass" finished-at="2021-05-05T12:46:09Z" duration-ms="6085" status="PASS">
          <reporter-output>
          </reporter-output>
        </test-method> <!-- testClass -->
        <test-method signature="test1()[pri:0, instance:com.jetblue.Page1@2474f125]" started-at="2021-05-05T12:46:09Z" name="test1" finished-at="2021-05-05T12:46:20Z" duration-ms="10879" status="FAIL">
          <exception class="java.lang.IllegalArgumentException">
            <message>
              <![CDATA[Cannot find elements when the XPath is null.]]>
            </message>
            <full-stacktrace>
              <![CDATA[java.lang.IllegalArgumentException: Cannot find elements when the XPath is null.
at org.openqa.selenium.By$ByXPath.<init>(By.java:339)
at org.openqa.selenium.By.xpath(By.java:92)
at com.jetblue.Page1.test1(Page1.java:109)
at java.base/jdk.internal.reflect.NativeMethodAccessorImpl.invoke0(Native Method)
at java.base/jdk.internal.reflect.NativeMethodAccessorImpl.invoke(NativeMethodAccessorImpl.java:64)
at java.base/jdk.internal.reflect.DelegatingMethodAccessorImpl.invoke(DelegatingMethodAccessorImpl.java:43)
at java.base/java.lang.reflect.Method.invoke(Method.java:564)
at org.testng.internal.MethodInvocationHelper.invokeMethod(MethodInvocationHelper.java:124)
at org.testng.internal.Invoker.invokeMethod(Invoker.java:583)
at org.testng.internal.Invoker.invokeTestMethod(Invoker.java:719)
at org.testng.internal.Invoker.invokeTestMethods(Invoker.java:989)
at org.testng.internal.TestMethodWorker.invokeTestMethods(TestMethodWorker.java:125)
at org.testng.internal.TestMethodWorker.run(TestMethodWorker.java:109)
at org.testng.TestRunner.privateRun(TestRunner.java:648)
at org.testng.TestRunner.run(TestRunner.java:505)
at org.testng.SuiteRunner.runTest(SuiteRunner.java:455)
at org.testng.SuiteRunner.runSequentially(SuiteRunner.java:450)
at org.testng.SuiteRunner.privateRun(SuiteRunner.java:415)
at org.testng.SuiteRunner.run(SuiteRunner.java:364)
at org.testng.SuiteRunnerWorker.runSuite(SuiteRunnerWorker.java:52)
at org.testng.SuiteRunnerWorker.run(SuiteRunnerWorker.java:84)
at org.testng.TestNG.runSuitesSequentially(TestNG.java:1208)
at org.testng.TestNG.runSuitesLocally(TestNG.java:1137)
at org.testng.TestNG.runSuites(TestNG.java:1049)
at org.testng.TestNG.run(TestNG.java:1017)
at org.testng.remote.AbstractRemoteTestNG.run(AbstractRemoteTestNG.java:115)
at org.testng.remote.RemoteTestNG.initAndRun(RemoteTestNG.java:251)
at org.testng.remote.RemoteTestNG.main(RemoteTestNG.java:77)
]]>
            </full-stacktrace>
          </exception> <!-- java.lang.IllegalArgumentException -->
          <reporter-output>
          </reporter-output>
        </test-method> <!-- test1 -->
        <test-method is-config="true" signature="quit()[pri:0, instance:com.jetblue.Page1@2474f125]" started-at="2021-05-05T12:46:20Z" name="quit" finished-at="2021-05-05T12:46:20Z" duration-ms="1" status="PASS">
          <reporter-output>
          </reporter-output>
        </test-method> <!-- quit -->
      </class> <!-- com.jetblue.Page1 -->
    </test> <!-- Default test -->
  </suite> <!-- Default suite -->
</testng-results>
